Wed Apr 23 17:18:35 CST 2014: 无法注册JDBC驱动程序: com.mysql.jdbc.Driver, 错误: java.lang.ClassNotFoundException: com.mysql.jdbc.Driver
Wed Apr 23 17:18:35 CST 2014: 成功创建连接池mypool
Wed Apr 23 17:18:35 CST 2014: 无法创建下列URL的连接: jdbc:mysql://localhost:3306/file?useUnicode=true&characterEncoding=utf-8
java.sql.SQLException: No suitable driver found for jdbc:mysql://localhost:3306/file?useUnicode=true&characterEncoding=utf-8
	at java.sql.DriverManager.getConnection(DriverManager.java:596)
	at java.sql.DriverManager.getConnection(DriverManager.java:215)
	at com.unionbigdata.managementplatform.crawlermodule.crawlerclient.databasemanage.DBConnectionManager$DBConnectionPool.newConnection(DBConnectionManager.java:388)
	at com.unionbigdata.managementplatform.crawlermodule.crawlerclient.databasemanage.DBConnectionManager$DBConnectionPool.getConnection(DBConnectionManager.java:332)
	at com.unionbigdata.managementplatform.crawlermodule.crawlerclient.databasemanage.DBConnectionManager.getConnection(DBConnectionManager.java:100)
	at com.unionbigdata.managementplatform.crawlermodule.crawlerclient.databasemanage.DatabaseManager.isDuplicate(DatabaseManager.java:302)
	at com.unionbigdata.managementplatform.crawlermodule.crawlerclient.communicate.UploadRestService.upload(UploadRestService.java:69)
	at sun.reflect.NativeMethodAccessorImpl.invoke0(Native Method)
	at sun.reflect.NativeMethodAccessorImpl.invoke(NativeMethodAccessorImpl.java:57)
	at sun.reflect.DelegatingMethodAccessorImpl.invoke(DelegatingMethodAccessorImpl.java:43)
	at java.lang.reflect.Method.invoke(Method.java:606)
	at org.glassfish.jersey.server.model.internal.ResourceMethodInvocationHandlerFactory$1.invoke(ResourceMethodInvocationHandlerFactory.java:81)
	at org.glassfish.jersey.server.model.internal.AbstractJavaResourceMethodDispatcher$1.run(AbstractJavaResourceMethodDispatcher.java:151)
	at org.glassfish.jersey.server.model.internal.AbstractJavaResourceMethodDispatcher.invoke(AbstractJavaResourceMethodDispatcher.java:171)
	at org.glassfish.jersey.server.model.internal.JavaResourceMethodDispatcherProvider$ResponseOutInvoker.doDispatch(JavaResourceMethodDispatcherProvider.java:152)
	at org.glassfish.jersey.server.model.internal.AbstractJavaResourceMethodDispatcher.dispatch(AbstractJavaResourceMethodDispatcher.java:104)
	at org.glassfish.jersey.server.model.ResourceMethodInvoker.invoke(ResourceMethodInvoker.java:353)
	at org.glassfish.jersey.server.model.ResourceMethodInvoker.apply(ResourceMethodInvoker.java:343)
	at org.glassfish.jersey.server.model.ResourceMethodInvoker.apply(ResourceMethodInvoker.java:102)
	at org.glassfish.jersey.server.ServerRuntime$1.run(ServerRuntime.java:255)
	at org.glassfish.jersey.internal.Errors$1.call(Errors.java:271)
	at org.glassfish.jersey.internal.Errors$1.call(Errors.java:267)
	at org.glassfish.jersey.internal.Errors.process(Errors.java:315)
	at org.glassfish.jersey.internal.Errors.process(Errors.java:297)
	at org.glassfish.jersey.internal.Errors.process(Errors.java:267)
	at org.glassfish.jersey.process.internal.RequestScope.runInScope(RequestScope.java:318)
	at org.glassfish.jersey.server.ServerRuntime.process(ServerRuntime.java:235)
	at org.glassfish.jersey.server.ApplicationHandler.handle(ApplicationHandler.java:983)
	at org.glassfish.jersey.servlet.WebComponent.service(WebComponent.java:359)
	at org.glassfish.jersey.servlet.ServletContainer.service(ServletContainer.java:372)
	at org.glassfish.jersey.servlet.ServletContainer.service(ServletContainer.java:335)
	at org.glassfish.jersey.servlet.ServletContainer.service(ServletContainer.java:218)
	at org.apache.catalina.core.ApplicationFilterChain.internalDoFilter(ApplicationFilterChain.java:303)
	at org.apache.catalina.core.ApplicationFilterChain.doFilter(ApplicationFilterChain.java:208)
	at org.apache.tomcat.websocket.server.WsFilter.doFilter(WsFilter.java:52)
	at org.apache.catalina.core.ApplicationFilterChain.internalDoFilter(ApplicationFilterChain.java:241)
	at org.apache.catalina.core.ApplicationFilterChain.doFilter(ApplicationFilterChain.java:208)
	at org.apache.logging.log4j.core.web.Log4jServletFilter.doFilter(Log4jServletFilter.java:66)
	at org.apache.catalina.core.ApplicationFilterChain.internalDoFilter(ApplicationFilterChain.java:241)
	at org.apache.catalina.core.ApplicationFilterChain.doFilter(ApplicationFilterChain.java:208)
	at org.apache.catalina.core.StandardWrapperValve.invoke(StandardWrapperValve.java:220)
	at org.apache.catalina.core.StandardContextValve.invoke(StandardContextValve.java:122)
	at org.apache.catalina.authenticator.AuthenticatorBase.invoke(AuthenticatorBase.java:501)
	at org.apache.catalina.core.StandardHostValve.invoke(StandardHostValve.java:170)
	at org.apache.catalina.valves.ErrorReportValve.invoke(ErrorReportValve.java:98)
	at org.apache.catalina.valves.AccessLogValve.invoke(AccessLogValve.java:950)
	at org.apache.catalina.core.StandardEngineValve.invoke(StandardEngineValve.java:116)
	at org.apache.catalina.connector.CoyoteAdapter.service(CoyoteAdapter.java:408)
	at org.apache.coyote.http11.AbstractHttp11Processor.process(AbstractHttp11Processor.java:1040)
	at org.apache.coyote.AbstractProtocol$AbstractConnectionHandler.process(AbstractProtocol.java:607)
	at org.apache.tomcat.util.net.JIoEndpoint$SocketProcessor.run(JIoEndpoint.java:313)
	at java.util.concurrent.ThreadPoolExecutor.runWorker(ThreadPoolExecutor.java:1145)
	at java.util.concurrent.ThreadPoolExecutor$Worker.run(ThreadPoolExecutor.java:615)
	at java.lang.Thread.run(Thread.java:744)
Wed Apr 23 17:20:22 CST 2014: 无法创建下列URL的连接: jdbc:mysql://localhost:3306/file?useUnicode=true&characterEncoding=utf-8
java.sql.SQLException: No suitable driver found for jdbc:mysql://localhost:3306/file?useUnicode=true&characterEncoding=utf-8
	at java.sql.DriverManager.getConnection(DriverManager.java:596)
	at java.sql.DriverManager.getConnection(DriverManager.java:215)
	at com.unionbigdata.managementplatform.crawlermodule.crawlerclient.databasemanage.DBConnectionManager$DBConnectionPool.newConnection(DBConnectionManager.java:388)
	at com.unionbigdata.managementplatform.crawlermodule.crawlerclient.databasemanage.DBConnectionManager$DBConnectionPool.getConnection(DBConnectionManager.java:332)
	at com.unionbigdata.managementplatform.crawlermodule.crawlerclient.databasemanage.DBConnectionManager.getConnection(DBConnectionManager.java:100)
	at com.unionbigdata.managementplatform.crawlermodule.crawlerclient.databasemanage.DatabaseManager.isDuplicate(DatabaseManager.java:302)
	at com.unionbigdata.managementplatform.crawlermodule.crawlerclient.communicate.UploadRestService.upload(UploadRestService.java:69)
	at sun.reflect.NativeMethodAccessorImpl.invoke0(Native Method)
	at sun.reflect.NativeMethodAccessorImpl.invoke(NativeMethodAccessorImpl.java:57)
	at sun.reflect.DelegatingMethodAccessorImpl.invoke(DelegatingMethodAccessorImpl.java:43)
	at java.lang.reflect.Method.invoke(Method.java:606)
	at org.glassfish.jersey.server.model.internal.ResourceMethodInvocationHandlerFactory$1.invoke(ResourceMethodInvocationHandlerFactory.java:81)
	at org.glassfish.jersey.server.model.internal.AbstractJavaResourceMethodDispatcher$1.run(AbstractJavaResourceMethodDispatcher.java:151)
	at org.glassfish.jersey.server.model.internal.AbstractJavaResourceMethodDispatcher.invoke(AbstractJavaResourceMethodDispatcher.java:171)
	at org.glassfish.jersey.server.model.internal.JavaResourceMethodDispatcherProvider$ResponseOutInvoker.doDispatch(JavaResourceMethodDispatcherProvider.java:152)
	at org.glassfish.jersey.server.model.internal.AbstractJavaResourceMethodDispatcher.dispatch(AbstractJavaResourceMethodDispatcher.java:104)
	at org.glassfish.jersey.server.model.ResourceMethodInvoker.invoke(ResourceMethodInvoker.java:353)
	at org.glassfish.jersey.server.model.ResourceMethodInvoker.apply(ResourceMethodInvoker.java:343)
	at org.glassfish.jersey.server.model.ResourceMethodInvoker.apply(ResourceMethodInvoker.java:102)
	at org.glassfish.jersey.server.ServerRuntime$1.run(ServerRuntime.java:255)
	at org.glassfish.jersey.internal.Errors$1.call(Errors.java:271)
	at org.glassfish.jersey.internal.Errors$1.call(Errors.java:267)
	at org.glassfish.jersey.internal.Errors.process(Errors.java:315)
	at org.glassfish.jersey.internal.Errors.process(Errors.java:297)
	at org.glassfish.jersey.internal.Errors.process(Errors.java:267)
	at org.glassfish.jersey.process.internal.RequestScope.runInScope(RequestScope.java:318)
	at org.glassfish.jersey.server.ServerRuntime.process(ServerRuntime.java:235)
	at org.glassfish.jersey.server.ApplicationHandler.handle(ApplicationHandler.java:983)
	at org.glassfish.jersey.servlet.WebComponent.service(WebComponent.java:359)
	at org.glassfish.jersey.servlet.ServletContainer.service(ServletContainer.java:372)
	at org.glassfish.jersey.servlet.ServletContainer.service(ServletContainer.java:335)
	at org.glassfish.jersey.servlet.ServletContainer.service(ServletContainer.java:218)
	at org.apache.catalina.core.ApplicationFilterChain.internalDoFilter(ApplicationFilterChain.java:303)
	at org.apache.catalina.core.ApplicationFilterChain.doFilter(ApplicationFilterChain.java:208)
	at org.apache.tomcat.websocket.server.WsFilter.doFilter(WsFilter.java:52)
	at org.apache.catalina.core.ApplicationFilterChain.internalDoFilter(ApplicationFilterChain.java:241)
	at org.apache.catalina.core.ApplicationFilterChain.doFilter(ApplicationFilterChain.java:208)
	at org.apache.logging.log4j.core.web.Log4jServletFilter.doFilter(Log4jServletFilter.java:66)
	at org.apache.catalina.core.ApplicationFilterChain.internalDoFilter(ApplicationFilterChain.java:241)
	at org.apache.catalina.core.ApplicationFilterChain.doFilter(ApplicationFilterChain.java:208)
	at org.apache.catalina.core.StandardWrapperValve.invoke(StandardWrapperValve.java:220)
	at org.apache.catalina.core.StandardContextValve.invoke(StandardContextValve.java:122)
	at org.apache.catalina.authenticator.AuthenticatorBase.invoke(AuthenticatorBase.java:501)
	at org.apache.catalina.core.StandardHostValve.invoke(StandardHostValve.java:170)
	at org.apache.catalina.valves.ErrorReportValve.invoke(ErrorReportValve.java:98)
	at org.apache.catalina.valves.AccessLogValve.invoke(AccessLogValve.java:950)
	at org.apache.catalina.core.StandardEngineValve.invoke(StandardEngineValve.java:116)
	at org.apache.catalina.connector.CoyoteAdapter.service(CoyoteAdapter.java:408)
	at org.apache.coyote.http11.AbstractHttp11Processor.process(AbstractHttp11Processor.java:1040)
	at org.apache.coyote.AbstractProtocol$AbstractConnectionHandler.process(AbstractProtocol.java:607)
	at org.apache.tomcat.util.net.JIoEndpoint$SocketProcessor.run(JIoEndpoint.java:313)
	at java.util.concurrent.ThreadPoolExecutor.runWorker(ThreadPoolExecutor.java:1145)
	at java.util.concurrent.ThreadPoolExecutor$Worker.run(ThreadPoolExecutor.java:615)
	at java.lang.Thread.run(Thread.java:744)
Wed Apr 23 17:20:44 CST 2014: 无法创建下列URL的连接: jdbc:mysql://localhost:3306/file?useUnicode=true&characterEncoding=utf-8
java.sql.SQLException: No suitable driver found for jdbc:mysql://localhost:3306/file?useUnicode=true&characterEncoding=utf-8
	at java.sql.DriverManager.getConnection(DriverManager.java:596)
	at java.sql.DriverManager.getConnection(DriverManager.java:215)
	at com.unionbigdata.managementplatform.crawlermodule.crawlerclient.databasemanage.DBConnectionManager$DBConnectionPool.newConnection(DBConnectionManager.java:388)
	at com.unionbigdata.managementplatform.crawlermodule.crawlerclient.databasemanage.DBConnectionManager$DBConnectionPool.getConnection(DBConnectionManager.java:332)
	at com.unionbigdata.managementplatform.crawlermodule.crawlerclient.databasemanage.DBConnectionManager.getConnection(DBConnectionManager.java:100)
	at com.unionbigdata.managementplatform.crawlermodule.crawlerclient.databasemanage.DatabaseManager.isDuplicate(DatabaseManager.java:302)
	at com.unionbigdata.managementplatform.crawlermodule.crawlerclient.communicate.UploadRestService.upload(UploadRestService.java:69)
	at sun.reflect.NativeMethodAccessorImpl.invoke0(Native Method)
	at sun.reflect.NativeMethodAccessorImpl.invoke(NativeMethodAccessorImpl.java:57)
	at sun.reflect.DelegatingMethodAccessorImpl.invoke(DelegatingMethodAccessorImpl.java:43)
	at java.lang.reflect.Method.invoke(Method.java:606)
	at org.glassfish.jersey.server.model.internal.ResourceMethodInvocationHandlerFactory$1.invoke(ResourceMethodInvocationHandlerFactory.java:81)
	at org.glassfish.jersey.server.model.internal.AbstractJavaResourceMethodDispatcher$1.run(AbstractJavaResourceMethodDispatcher.java:151)
	at org.glassfish.jersey.server.model.internal.AbstractJavaResourceMethodDispatcher.invoke(AbstractJavaResourceMethodDispatcher.java:171)
	at org.glassfish.jersey.server.model.internal.JavaResourceMethodDispatcherProvider$ResponseOutInvoker.doDispatch(JavaResourceMethodDispatcherProvider.java:152)
	at org.glassfish.jersey.server.model.internal.AbstractJavaResourceMethodDispatcher.dispatch(AbstractJavaResourceMethodDispatcher.java:104)
	at org.glassfish.jersey.server.model.ResourceMethodInvoker.invoke(ResourceMethodInvoker.java:353)
	at org.glassfish.jersey.server.model.ResourceMethodInvoker.apply(ResourceMethodInvoker.java:343)
	at org.glassfish.jersey.server.model.ResourceMethodInvoker.apply(ResourceMethodInvoker.java:102)
	at org.glassfish.jersey.server.ServerRuntime$1.run(ServerRuntime.java:255)
	at org.glassfish.jersey.internal.Errors$1.call(Errors.java:271)
	at org.glassfish.jersey.internal.Errors$1.call(Errors.java:267)
	at org.glassfish.jersey.internal.Errors.process(Errors.java:315)
	at org.glassfish.jersey.internal.Errors.process(Errors.java:297)
	at org.glassfish.jersey.internal.Errors.process(Errors.java:267)
	at org.glassfish.jersey.process.internal.RequestScope.runInScope(RequestScope.java:318)
	at org.glassfish.jersey.server.ServerRuntime.process(ServerRuntime.java:235)
	at org.glassfish.jersey.server.ApplicationHandler.handle(ApplicationHandler.java:983)
	at org.glassfish.jersey.servlet.WebComponent.service(WebComponent.java:359)
	at org.glassfish.jersey.servlet.ServletContainer.service(ServletContainer.java:372)
	at org.glassfish.jersey.servlet.ServletContainer.service(ServletContainer.java:335)
	at org.glassfish.jersey.servlet.ServletContainer.service(ServletContainer.java:218)
	at org.apache.catalina.core.ApplicationFilterChain.internalDoFilter(ApplicationFilterChain.java:303)
	at org.apache.catalina.core.ApplicationFilterChain.doFilter(ApplicationFilterChain.java:208)
	at org.apache.tomcat.websocket.server.WsFilter.doFilter(WsFilter.java:52)
	at org.apache.catalina.core.ApplicationFilterChain.internalDoFilter(ApplicationFilterChain.java:241)
	at org.apache.catalina.core.ApplicationFilterChain.doFilter(ApplicationFilterChain.java:208)
	at org.apache.logging.log4j.core.web.Log4jServletFilter.doFilter(Log4jServletFilter.java:66)
	at org.apache.catalina.core.ApplicationFilterChain.internalDoFilter(ApplicationFilterChain.java:241)
	at org.apache.catalina.core.ApplicationFilterChain.doFilter(ApplicationFilterChain.java:208)
	at org.apache.catalina.core.StandardWrapperValve.invoke(StandardWrapperValve.java:220)
	at org.apache.catalina.core.StandardContextValve.invoke(StandardContextValve.java:122)
	at org.apache.catalina.authenticator.AuthenticatorBase.invoke(AuthenticatorBase.java:501)
	at org.apache.catalina.core.StandardHostValve.invoke(StandardHostValve.java:170)
	at org.apache.catalina.valves.ErrorReportValve.invoke(ErrorReportValve.java:98)
	at org.apache.catalina.valves.AccessLogValve.invoke(AccessLogValve.java:950)
	at org.apache.catalina.core.StandardEngineValve.invoke(StandardEngineValve.java:116)
	at org.apache.catalina.connector.CoyoteAdapter.service(CoyoteAdapter.java:408)
	at org.apache.coyote.http11.AbstractHttp11Processor.process(AbstractHttp11Processor.java:1040)
	at org.apache.coyote.AbstractProtocol$AbstractConnectionHandler.process(AbstractProtocol.java:607)
	at org.apache.tomcat.util.net.JIoEndpoint$SocketProcessor.run(JIoEndpoint.java:313)
	at java.util.concurrent.ThreadPoolExecutor.runWorker(ThreadPoolExecutor.java:1145)
	at java.util.concurrent.ThreadPoolExecutor$Worker.run(ThreadPoolExecutor.java:615)
	at java.lang.Thread.run(Thread.java:744)
Wed Apr 23 17:21:15 CST 2014: 无法注册JDBC驱动程序: com.mysql.jdbc.Driver, 错误: java.lang.ClassNotFoundException: com.mysql.jdbc.Driver
Wed Apr 23 17:21:15 CST 2014: 成功创建连接池mypool
Wed Apr 23 17:21:15 CST 2014: 无法创建下列URL的连接: jdbc:mysql://localhost:3306/file?useUnicode=true&characterEncoding=utf-8
java.sql.SQLException: No suitable driver found for jdbc:mysql://localhost:3306/file?useUnicode=true&characterEncoding=utf-8
	at java.sql.DriverManager.getConnection(DriverManager.java:596)
	at java.sql.DriverManager.getConnection(DriverManager.java:215)
	at com.unionbigdata.managementplatform.crawlermodule.crawlerclient.databasemanage.DBConnectionManager$DBConnectionPool.newConnection(DBConnectionManager.java:388)
	at com.unionbigdata.managementplatform.crawlermodule.crawlerclient.databasemanage.DBConnectionManager$DBConnectionPool.getConnection(DBConnectionManager.java:332)
	at com.unionbigdata.managementplatform.crawlermodule.crawlerclient.databasemanage.DBConnectionManager.getConnection(DBConnectionManager.java:100)
	at com.unionbigdata.managementplatform.crawlermodule.crawlerclient.databasemanage.DatabaseManager.isDuplicate(DatabaseManager.java:302)
	at com.unionbigdata.managementplatform.crawlermodule.crawlerclient.communicate.UploadRestService.upload(UploadRestService.java:69)
	at sun.reflect.NativeMethodAccessorImpl.invoke0(Native Method)
	at sun.reflect.NativeMethodAccessorImpl.invoke(NativeMethodAccessorImpl.java:57)
	at sun.reflect.DelegatingMethodAccessorImpl.invoke(DelegatingMethodAccessorImpl.java:43)
	at java.lang.reflect.Method.invoke(Method.java:606)
	at org.glassfish.jersey.server.model.internal.ResourceMethodInvocationHandlerFactory$1.invoke(ResourceMethodInvocationHandlerFactory.java:81)
	at org.glassfish.jersey.server.model.internal.AbstractJavaResourceMethodDispatcher$1.run(AbstractJavaResourceMethodDispatcher.java:151)
	at org.glassfish.jersey.server.model.internal.AbstractJavaResourceMethodDispatcher.invoke(AbstractJavaResourceMethodDispatcher.java:171)
	at org.glassfish.jersey.server.model.internal.JavaResourceMethodDispatcherProvider$ResponseOutInvoker.doDispatch(JavaResourceMethodDispatcherProvider.java:152)
	at org.glassfish.jersey.server.model.internal.AbstractJavaResourceMethodDispatcher.dispatch(AbstractJavaResourceMethodDispatcher.java:104)
	at org.glassfish.jersey.server.model.ResourceMethodInvoker.invoke(ResourceMethodInvoker.java:353)
	at org.glassfish.jersey.server.model.ResourceMethodInvoker.apply(ResourceMethodInvoker.java:343)
	at org.glassfish.jersey.server.model.ResourceMethodInvoker.apply(ResourceMethodInvoker.java:102)
	at org.glassfish.jersey.server.ServerRuntime$1.run(ServerRuntime.java:255)
	at org.glassfish.jersey.internal.Errors$1.call(Errors.java:271)
	at org.glassfish.jersey.internal.Errors$1.call(Errors.java:267)
	at org.glassfish.jersey.internal.Errors.process(Errors.java:315)
	at org.glassfish.jersey.internal.Errors.process(Errors.java:297)
	at org.glassfish.jersey.internal.Errors.process(Errors.java:267)
	at org.glassfish.jersey.process.internal.RequestScope.runInScope(RequestScope.java:318)
	at org.glassfish.jersey.server.ServerRuntime.process(ServerRuntime.java:235)
	at org.glassfish.jersey.server.ApplicationHandler.handle(ApplicationHandler.java:983)
	at org.glassfish.jersey.servlet.WebComponent.service(WebComponent.java:359)
	at org.glassfish.jersey.servlet.ServletContainer.service(ServletContainer.java:372)
	at org.glassfish.jersey.servlet.ServletContainer.service(ServletContainer.java:335)
	at org.glassfish.jersey.servlet.ServletContainer.service(ServletContainer.java:218)
	at org.apache.catalina.core.ApplicationFilterChain.internalDoFilter(ApplicationFilterChain.java:303)
	at org.apache.catalina.core.ApplicationFilterChain.doFilter(ApplicationFilterChain.java:208)
	at org.apache.tomcat.websocket.server.WsFilter.doFilter(WsFilter.java:52)
	at org.apache.catalina.core.ApplicationFilterChain.internalDoFilter(ApplicationFilterChain.java:241)
	at org.apache.catalina.core.ApplicationFilterChain.doFilter(ApplicationFilterChain.java:208)
	at org.apache.logging.log4j.core.web.Log4jServletFilter.doFilter(Log4jServletFilter.java:66)
	at org.apache.catalina.core.ApplicationFilterChain.internalDoFilter(ApplicationFilterChain.java:241)
	at org.apache.catalina.core.ApplicationFilterChain.doFilter(ApplicationFilterChain.java:208)
	at org.apache.catalina.core.StandardWrapperValve.invoke(StandardWrapperValve.java:220)
	at org.apache.catalina.core.StandardContextValve.invoke(StandardContextValve.java:122)
	at org.apache.catalina.authenticator.AuthenticatorBase.invoke(AuthenticatorBase.java:501)
	at org.apache.catalina.core.StandardHostValve.invoke(StandardHostValve.java:170)
	at org.apache.catalina.valves.ErrorReportValve.invoke(ErrorReportValve.java:98)
	at org.apache.catalina.valves.AccessLogValve.invoke(AccessLogValve.java:950)
	at org.apache.catalina.core.StandardEngineValve.invoke(StandardEngineValve.java:116)
	at org.apache.catalina.connector.CoyoteAdapter.service(CoyoteAdapter.java:408)
	at org.apache.coyote.http11.AbstractHttp11Processor.process(AbstractHttp11Processor.java:1040)
	at org.apache.coyote.AbstractProtocol$AbstractConnectionHandler.process(AbstractProtocol.java:607)
	at org.apache.tomcat.util.net.JIoEndpoint$SocketProcessor.run(JIoEndpoint.java:313)
	at java.util.concurrent.ThreadPoolExecutor.runWorker(ThreadPoolExecutor.java:1145)
	at java.util.concurrent.ThreadPoolExecutor$Worker.run(ThreadPoolExecutor.java:615)
	at java.lang.Thread.run(Thread.java:744)
Wed Apr 23 17:22:03 CST 2014: 成功注册JDBC驱动程序com.mysql.jdbc.Driver
Wed Apr 23 17:22:03 CST 2014: 成功创建连接池mypool
Wed Apr 23 17:22:03 CST 2014: 连接池mypool创建一个新的连接
Wed Apr 23 17:31:55 CST 2014: 成功注册JDBC驱动程序com.mysql.jdbc.Driver
Wed Apr 23 17:31:55 CST 2014: 成功创建连接池mypool
Wed Apr 23 17:31:56 CST 2014: 连接池mypool创建一个新的连接
Wed Apr 23 17:33:06 CST 2014: 成功注册JDBC驱动程序com.mysql.jdbc.Driver
Wed Apr 23 17:33:06 CST 2014: 成功创建连接池mypool
Wed Apr 23 17:33:07 CST 2014: 连接池mypool创建一个新的连接
Wed Apr 23 17:35:46 CST 2014: 成功注册JDBC驱动程序com.mysql.jdbc.Driver
Wed Apr 23 17:35:46 CST 2014: 成功创建连接池mypool
Wed Apr 23 17:35:46 CST 2014: 连接池mypool创建一个新的连接
Wed Apr 23 17:37:50 CST 2014: 连接池mypool创建一个新的连接
Wed Apr 23 17:50:42 CST 2014: 成功注册JDBC驱动程序com.mysql.jdbc.Driver
Wed Apr 23 17:50:42 CST 2014: 成功创建连接池mypool
Wed Apr 23 17:50:42 CST 2014: 连接池mypool创建一个新的连接
Wed Apr 23 17:52:39 CST 2014: 成功注册JDBC驱动程序com.mysql.jdbc.Driver
Wed Apr 23 17:52:39 CST 2014: 成功创建连接池mypool
Wed Apr 23 17:52:39 CST 2014: 连接池mypool创建一个新的连接
Thu Apr 24 16:59:49 CST 2014: 成功注册JDBC驱动程序com.mysql.jdbc.Driver
Thu Apr 24 16:59:49 CST 2014: 成功创建连接池mypool
Thu Apr 24 16:59:50 CST 2014: 连接池mypool创建一个新的连接
Fri Apr 25 13:30:40 CST 2014: 从连接池mypool删除一个无效连接
Fri Apr 25 13:30:40 CST 2014: 连接池mypool创建一个新的连接
