Mon May 05 19:16:00 CST 2014: 成功注册JDBC驱动程序com.mysql.jdbc.Driver
Mon May 05 19:16:00 CST 2014: 成功创建连接池mypool
Mon May 05 19:16:00 CST 2014: 连接池mypool创建一个新的连接
Mon May 05 19:18:03 CST 2014: 成功注册JDBC驱动程序com.mysql.jdbc.Driver
Mon May 05 19:18:03 CST 2014: 成功创建连接池mypool
Mon May 05 19:18:04 CST 2014: 连接池mypool创建一个新的连接
Thu May 15 19:22:32 CST 2014: 成功注册JDBC驱动程序com.mysql.jdbc.Driver
Thu May 15 19:22:32 CST 2014: 成功创建连接池mypool
Thu May 15 19:22:33 CST 2014: 连接池mypool创建一个新的连接
Thu May 15 19:26:42 CST 2014: 成功注册JDBC驱动程序com.mysql.jdbc.Driver
Thu May 15 19:26:42 CST 2014: 成功创建连接池mypool
Thu May 15 19:26:42 CST 2014: 连接池mypool创建一个新的连接
Thu May 15 19:29:37 CST 2014: 成功注册JDBC驱动程序com.mysql.jdbc.Driver
Thu May 15 19:29:37 CST 2014: 成功创建连接池mypool
Thu May 15 19:29:37 CST 2014: 连接池mypool创建一个新的连接
Thu May 15 19:33:03 CST 2014: 成功注册JDBC驱动程序com.mysql.jdbc.Driver
Thu May 15 19:33:03 CST 2014: 成功创建连接池mypool
Thu May 15 19:33:03 CST 2014: 连接池mypool创建一个新的连接
Thu May 15 19:37:28 CST 2014: 成功注册JDBC驱动程序com.mysql.jdbc.Driver
Thu May 15 19:37:28 CST 2014: 成功创建连接池mypool
Thu May 15 19:37:28 CST 2014: 连接池mypool创建一个新的连接
Thu May 15 19:41:18 CST 2014: 成功注册JDBC驱动程序com.mysql.jdbc.Driver
Thu May 15 19:41:18 CST 2014: 成功创建连接池mypool
Thu May 15 19:41:19 CST 2014: 连接池mypool创建一个新的连接
Thu May 15 19:49:03 CST 2014: 成功注册JDBC驱动程序com.mysql.jdbc.Driver
Thu May 15 19:49:03 CST 2014: 成功创建连接池mypool
Thu May 15 19:49:03 CST 2014: 连接池mypool创建一个新的连接
Thu May 15 19:55:51 CST 2014: 成功注册JDBC驱动程序com.mysql.jdbc.Driver
Thu May 15 19:55:51 CST 2014: 成功创建连接池mypool
Thu May 15 19:55:51 CST 2014: 连接池mypool创建一个新的连接
Thu May 15 20:08:31 CST 2014: 成功注册JDBC驱动程序com.mysql.jdbc.Driver
Thu May 15 20:08:31 CST 2014: 成功创建连接池mypool
Thu May 15 20:08:32 CST 2014: 连接池mypool创建一个新的连接
Thu May 15 20:10:33 CST 2014: 成功注册JDBC驱动程序com.mysql.jdbc.Driver
Thu May 15 20:10:33 CST 2014: 成功创建连接池mypool
Thu May 15 20:10:33 CST 2014: 连接池mypool创建一个新的连接
Thu May 15 20:34:04 CST 2014: 成功注册JDBC驱动程序com.mysql.jdbc.Driver
Thu May 15 20:34:04 CST 2014: 成功创建连接池mypool
Thu May 15 20:34:04 CST 2014: 连接池mypool创建一个新的连接
Thu May 15 20:41:49 CST 2014: 成功注册JDBC驱动程序com.mysql.jdbc.Driver
Thu May 15 20:41:49 CST 2014: 成功创建连接池mypool
Thu May 15 20:41:49 CST 2014: 连接池mypool创建一个新的连接
Thu May 15 20:44:14 CST 2014: 成功注册JDBC驱动程序com.mysql.jdbc.Driver
Thu May 15 20:44:14 CST 2014: 成功创建连接池mypool
Thu May 15 20:44:14 CST 2014: 连接池mypool创建一个新的连接
